2021-11-20 18:20:43,333 [Worker-0: Loading available Gradle versions] INFO  o.e.b.c.i.u.g.PublishedGradleVersions - Gradle version information cache is out-of-date. Trying to update.
2021-11-23 22:49:43,226 [Worker-7: Loading available Gradle versions] INFO  o.e.b.c.i.u.g.PublishedGradleVersions - Gradle version information cache is out-of-date. Trying to update.
2021-11-23 22:50:47,074 [Worker-5: Creating project "project-one"] INFO  o.e.m.c.i.l.LifecycleMappingFactory - Using org.eclipse.m2e.jdt.JarLifecycleMapping lifecycle mapping for MavenProject: com.revature:project-one:0.0.1-SNAPSHOT @ /Users/ashlioneal/Desktop/Project One/project-one/pom.xml.
2021-11-23 22:50:48,944 [Worker-5: Creating project "project-one"] INFO  o.e.m.j.i.AbstractJavaProjectConfigurator - Adding source folder /project-one/src/main/java
2021-11-23 22:50:48,947 [Worker-5: Creating project "project-one"] INFO  o.e.m.j.i.AbstractJavaProjectConfigurator - Adding resource folder /project-one/src/main/resources
2021-11-23 22:50:48,950 [Worker-5: Creating project "project-one"] INFO  o.e.m.j.i.AbstractJavaProjectConfigurator - Adding source folder /project-one/src/test/java
2021-11-23 22:50:48,950 [Worker-5: Creating project "project-one"] INFO  o.e.m.j.i.AbstractJavaProjectConfigurator - Adding resource folder /project-one/src/test/resources
2021-11-23 22:50:56,496 [Worker-12: Building] WARN  o.e.m.c.i.embedder.EclipseLogger - Using platform encoding (UTF-8 actually) to copy filtered resources, i.e. build is platform dependent!
2021-11-23 22:50:56,523 [Worker-12: Building] INFO  o.e.m.c.i.embedder.EclipseLogger - Copying 0 resource
2021-11-23 22:50:56,529 [Worker-12: Building] WARN  o.e.m.c.i.embedder.EclipseLogger - Using platform encoding (UTF-8 actually) to copy filtered resources, i.e. build is platform dependent!
2021-11-23 22:50:56,531 [Worker-12: Building] INFO  o.e.m.c.i.embedder.EclipseLogger - Copying 0 resource
2021-11-23 23:08:16,527 [Worker-14: Building] WARN  o.e.m.c.i.embedder.EclipseLogger - Using platform encoding (UTF-8 actually) to copy filtered resources, i.e. build is platform dependent!
2021-11-23 23:08:16,541 [Worker-14: Building] INFO  o.e.m.c.i.embedder.EclipseLogger - Copying 1 resource
2021-11-23 23:08:16,561 [Worker-14: Building] WARN  o.e.m.c.i.embedder.EclipseLogger - Using platform encoding (UTF-8 actually) to copy filtered resources, i.e. build is platform dependent!
2021-11-23 23:08:16,563 [Worker-14: Building] INFO  o.e.m.c.i.embedder.EclipseLogger - Copying 0 resource
2021-11-23 23:09:17,015 [Worker-18: Building] INFO  o.e.m.c.i.l.LifecycleMappingFactory - Using org.eclipse.m2e.jdt.JarLifecycleMapping lifecycle mapping for MavenProject: com.revature:project-one:0.0.1-SNAPSHOT @ /Users/ashlioneal/Desktop/Project One/project-one/pom.xml.
2021-11-23 23:09:18,177 [Worker-18: Building] WARN  o.e.m.c.i.embedder.EclipseLogger - Using platform encoding (UTF-8 actually) to copy filtered resources, i.e. build is platform dependent!
2021-11-23 23:09:18,186 [Worker-18: Building] INFO  o.e.m.c.i.embedder.EclipseLogger - Copying 1 resource
2021-11-23 23:09:18,199 [Worker-18: Building] WARN  o.e.m.c.i.embedder.EclipseLogger - Using platform encoding (UTF-8 actually) to copy filtered resources, i.e. build is platform dependent!
2021-11-23 23:09:18,201 [Worker-18: Building] INFO  o.e.m.c.i.embedder.EclipseLogger - Copying 0 resource
2021-11-23 23:09:19,969 [Worker-15: Building] WARN  o.e.m.c.i.embedder.EclipseLogger - Using platform encoding (UTF-8 actually) to copy filtered resources, i.e. build is platform dependent!
2021-11-23 23:09:19,973 [Worker-15: Building] INFO  o.e.m.c.i.embedder.EclipseLogger - Copying 1 resource
2021-11-23 23:09:19,975 [Worker-15: Building] WARN  o.e.m.c.i.embedder.EclipseLogger - Using platform encoding (UTF-8 actually) to copy filtered resources, i.e. build is platform dependent!
2021-11-23 23:09:19,977 [Worker-15: Building] INFO  o.e.m.c.i.embedder.EclipseLogger - Copying 0 resource
2021-11-23 23:10:15,618 [Worker-20: Building] WARN  o.e.m.c.i.embedder.EclipseLogger - Using platform encoding (UTF-8 actually) to copy filtered resources, i.e. build is platform dependent!
2021-11-23 23:10:15,626 [Worker-20: Building] INFO  o.e.m.c.i.embedder.EclipseLogger - Copying 1 resource
2021-11-23 23:10:15,628 [Worker-20: Building] WARN  o.e.m.c.i.embedder.EclipseLogger - Using platform encoding (UTF-8 actually) to copy filtered resources, i.e. build is platform dependent!
2021-11-23 23:10:15,629 [Worker-20: Building] INFO  o.e.m.c.i.embedder.EclipseLogger - Copying 0 resource
2021-11-23 23:10:30,743 [Worker-16: Building] WARN  o.e.m.c.i.embedder.EclipseLogger - Using platform encoding (UTF-8 actually) to copy filtered resources, i.e. build is platform dependent!
2021-11-23 23:10:30,747 [Worker-16: Building] INFO  o.e.m.c.i.embedder.EclipseLogger - Copying 1 resource
2021-11-23 23:10:30,750 [Worker-16: Building] WARN  o.e.m.c.i.embedder.EclipseLogger - Using platform encoding (UTF-8 actually) to copy filtered resources, i.e. build is platform dependent!
2021-11-23 23:10:30,751 [Worker-16: Building] INFO  o.e.m.c.i.embedder.EclipseLogger - Copying 0 resource
2021-11-23 23:10:42,088 [Worker-14: Building] WARN  o.e.m.c.i.embedder.EclipseLogger - Using platform encoding (UTF-8 actually) to copy filtered resources, i.e. build is platform dependent!
2021-11-23 23:10:42,092 [Worker-14: Building] INFO  o.e.m.c.i.embedder.EclipseLogger - Copying 1 resource
2021-11-23 23:10:42,094 [Worker-14: Building] WARN  o.e.m.c.i.embedder.EclipseLogger - Using platform encoding (UTF-8 actually) to copy filtered resources, i.e. build is platform dependent!
2021-11-23 23:10:42,095 [Worker-14: Building] INFO  o.e.m.c.i.embedder.EclipseLogger - Copying 0 resource
2021-11-23 23:10:52,065 [Worker-18: Building] WARN  o.e.m.c.i.embedder.EclipseLogger - Using platform encoding (UTF-8 actually) to copy filtered resources, i.e. build is platform dependent!
2021-11-23 23:10:52,072 [Worker-18: Building] INFO  o.e.m.c.i.embedder.EclipseLogger - Copying 1 resource
2021-11-23 23:10:52,074 [Worker-18: Building] WARN  o.e.m.c.i.embedder.EclipseLogger - Using platform encoding (UTF-8 actually) to copy filtered resources, i.e. build is platform dependent!
2021-11-23 23:10:52,076 [Worker-18: Building] INFO  o.e.m.c.i.embedder.EclipseLogger - Copying 0 resource
2021-11-23 23:11:09,239 [Worker-17: Building] WARN  o.e.m.c.i.embedder.EclipseLogger - Using platform encoding (UTF-8 actually) to copy filtered resources, i.e. build is platform dependent!
2021-11-23 23:11:09,245 [Worker-17: Building] INFO  o.e.m.c.i.embedder.EclipseLogger - Copying 1 resource
2021-11-23 23:11:09,249 [Worker-17: Building] WARN  o.e.m.c.i.embedder.EclipseLogger - Using platform encoding (UTF-8 actually) to copy filtered resources, i.e. build is platform dependent!
2021-11-23 23:11:09,251 [Worker-17: Building] INFO  o.e.m.c.i.embedder.EclipseLogger - Copying 0 resource
2021-11-23 23:11:10,292 [Worker-15: Building] WARN  o.e.m.c.i.embedder.EclipseLogger - Using platform encoding (UTF-8 actually) to copy filtered resources, i.e. build is platform dependent!
2021-11-23 23:11:10,294 [Worker-15: Building] INFO  o.e.m.c.i.embedder.EclipseLogger - Copying 0 resource
2021-11-23 23:11:10,298 [Worker-15: Building] WARN  o.e.m.c.i.embedder.EclipseLogger - Using platform encoding (UTF-8 actually) to copy filtered resources, i.e. build is platform dependent!
2021-11-23 23:11:10,299 [Worker-15: Building] INFO  o.e.m.c.i.embedder.EclipseLogger - Copying 0 resource
2021-11-23 23:12:24,290 [Worker-17: Updating Maven Project] INFO  o.e.m.c.i.p.ProjectConfigurationManager - Update started
2021-11-23 23:12:25,277 [Worker-17: Updating Maven Project] INFO  o.e.m.c.i.l.LifecycleMappingFactory - Using org.eclipse.m2e.jdt.JarLifecycleMapping lifecycle mapping for MavenProject: com.revature:project-one:0.0.1-SNAPSHOT @ /Users/ashlioneal/Desktop/Project One/project-one/pom.xml.
2021-11-23 23:12:25,813 [Worker-17: Updating Maven Project] INFO  o.e.m.j.i.AbstractJavaProjectConfigurator - Adding source folder /project-one/src/main/java
2021-11-23 23:12:25,814 [Worker-17: Updating Maven Project] INFO  o.e.m.j.i.AbstractJavaProjectConfigurator - Adding resource folder /project-one/src/main/resources
2021-11-23 23:12:25,815 [Worker-17: Updating Maven Project] INFO  o.e.m.j.i.AbstractJavaProjectConfigurator - Adding source folder /project-one/src/test/java
2021-11-23 23:12:25,816 [Worker-17: Updating Maven Project] INFO  o.e.m.j.i.AbstractJavaProjectConfigurator - Adding resource folder /project-one/src/test/resources
2021-11-23 23:12:26,408 [Worker-17: Updating Maven Project] INFO  o.e.m.c.i.p.ProjectConfigurationManager - Update completed: 2 sec
2021-11-23 23:12:26,757 [Worker-20: Building] WARN  o.e.m.c.i.embedder.EclipseLogger - Using platform encoding (UTF-8 actually) to copy filtered resources, i.e. build is platform dependent!
2021-11-23 23:12:26,759 [Worker-20: Building] INFO  o.e.m.c.i.embedder.EclipseLogger - Copying 1 resource
2021-11-23 23:12:26,774 [Worker-20: Building] WARN  o.e.m.c.i.embedder.EclipseLogger - Using platform encoding (UTF-8 actually) to copy filtered resources, i.e. build is platform dependent!
2021-11-23 23:12:26,775 [Worker-20: Building] INFO  o.e.m.c.i.embedder.EclipseLogger - Copying 0 resource
2021-11-23 23:15:37,228 [Worker-19: Building] WARN  o.e.m.c.i.embedder.EclipseLogger - Using platform encoding (UTF-8 actually) to copy filtered resources, i.e. build is platform dependent!
2021-11-23 23:15:37,243 [Worker-19: Building] INFO  o.e.m.c.i.embedder.EclipseLogger - Copying 0 resource
2021-11-23 23:15:37,247 [Worker-19: Building] WARN  o.e.m.c.i.embedder.EclipseLogger - Using platform encoding (UTF-8 actually) to copy filtered resources, i.e. build is platform dependent!
2021-11-23 23:15:37,250 [Worker-19: Building] INFO  o.e.m.c.i.embedder.EclipseLogger - Copying 0 resource
2021-11-23 23:15:48,197 [Worker-19: Building] WARN  o.e.m.c.i.embedder.EclipseLogger - Using platform encoding (UTF-8 actually) to copy filtered resources, i.e. build is platform dependent!
2021-11-23 23:15:48,209 [Worker-19: Building] INFO  o.e.m.c.i.embedder.EclipseLogger - Copying 1 resource
2021-11-23 23:15:48,220 [Worker-19: Building] WARN  o.e.m.c.i.embedder.EclipseLogger - Using platform encoding (UTF-8 actually) to copy filtered resources, i.e. build is platform dependent!
2021-11-23 23:15:48,223 [Worker-19: Building] INFO  o.e.m.c.i.embedder.EclipseLogger - Copying 0 resource
2021-11-23 23:16:57,988 [Worker-15: Launching Application] WARN  o.e.m.c.i.embedder.EclipseLogger - Using platform encoding (UTF-8 actually) to copy filtered resources, i.e. build is platform dependent!
2021-11-23 23:16:58,001 [Worker-15: Launching Application] INFO  o.e.m.c.i.embedder.EclipseLogger - Copying 2 resources
2021-11-23 23:16:58,007 [Worker-15: Launching Application] WARN  o.e.m.c.i.embedder.EclipseLogger - Using platform encoding (UTF-8 actually) to copy filtered resources, i.e. build is platform dependent!
2021-11-23 23:16:58,008 [Worker-15: Launching Application] INFO  o.e.m.c.i.embedder.EclipseLogger - Copying 0 resource
2021-11-23 23:17:19,463 [Worker-14: Building] WARN  o.e.m.c.i.embedder.EclipseLogger - Using platform encoding (UTF-8 actually) to copy filtered resources, i.e. build is platform dependent!
2021-11-23 23:17:19,475 [Worker-14: Building] INFO  o.e.m.c.i.embedder.EclipseLogger - Copying 2 resources
2021-11-23 23:17:19,478 [Worker-14: Building] WARN  o.e.m.c.i.embedder.EclipseLogger - Using platform encoding (UTF-8 actually) to copy filtered resources, i.e. build is platform dependent!
2021-11-23 23:17:19,479 [Worker-14: Building] INFO  o.e.m.c.i.embedder.EclipseLogger - Copying 0 resource
2021-11-23 23:17:32,166 [Worker-15: Building] WARN  o.e.m.c.i.embedder.EclipseLogger - Using platform encoding (UTF-8 actually) to copy filtered resources, i.e. build is platform dependent!
2021-11-23 23:17:32,170 [Worker-15: Building] INFO  o.e.m.c.i.embedder.EclipseLogger - Copying 2 resources
2021-11-23 23:17:32,174 [Worker-15: Building] WARN  o.e.m.c.i.embedder.EclipseLogger - Using platform encoding (UTF-8 actually) to copy filtered resources, i.e. build is platform dependent!
2021-11-23 23:17:32,175 [Worker-15: Building] INFO  o.e.m.c.i.embedder.EclipseLogger - Copying 0 resource
2021-11-23 23:17:42,491 [Worker-20: Building] WARN  o.e.m.c.i.embedder.EclipseLogger - Using platform encoding (UTF-8 actually) to copy filtered resources, i.e. build is platform dependent!
2021-11-23 23:17:42,501 [Worker-20: Building] INFO  o.e.m.c.i.embedder.EclipseLogger - Copying 2 resources
2021-11-23 23:17:42,503 [Worker-20: Building] WARN  o.e.m.c.i.embedder.EclipseLogger - Using platform encoding (UTF-8 actually) to copy filtered resources, i.e. build is platform dependent!
2021-11-23 23:17:42,505 [Worker-20: Building] INFO  o.e.m.c.i.embedder.EclipseLogger - Copying 0 resource
2021-11-23 23:22:46,234 [Worker-22: Building] WARN  o.e.m.c.i.embedder.EclipseLogger - Using platform encoding (UTF-8 actually) to copy filtered resources, i.e. build is platform dependent!
2021-11-23 23:22:46,263 [Worker-22: Building] INFO  o.e.m.c.i.embedder.EclipseLogger - Copying 2 resources
2021-11-23 23:22:46,296 [Worker-22: Building] WARN  o.e.m.c.i.embedder.EclipseLogger - Using platform encoding (UTF-8 actually) to copy filtered resources, i.e. build is platform dependent!
2021-11-23 23:22:46,298 [Worker-22: Building] INFO  o.e.m.c.i.embedder.EclipseLogger - Copying 0 resource
2021-11-25 10:52:02,227 [Worker-28: Building] WARN  o.e.m.c.i.embedder.EclipseLogger - Using platform encoding (UTF-8 actually) to copy filtered resources, i.e. build is platform dependent!
2021-11-25 10:52:02,248 [Worker-28: Building] INFO  o.e.m.c.i.embedder.EclipseLogger - Copying 2 resources
2021-11-25 10:52:02,250 [Worker-28: Building] WARN  o.e.m.c.i.embedder.EclipseLogger - Using platform encoding (UTF-8 actually) to copy filtered resources, i.e. build is platform dependent!
2021-11-25 10:52:02,251 [Worker-28: Building] INFO  o.e.m.c.i.embedder.EclipseLogger - Copying 0 resource
2021-11-25 10:55:09,091 [Worker-28: Building] WARN  o.e.m.c.i.embedder.EclipseLogger - Using platform encoding (UTF-8 actually) to copy filtered resources, i.e. build is platform dependent!
2021-11-25 10:55:09,112 [Worker-28: Building] INFO  o.e.m.c.i.embedder.EclipseLogger - Copying 2 resources
2021-11-25 10:55:09,115 [Worker-28: Building] WARN  o.e.m.c.i.embedder.EclipseLogger - Using platform encoding (UTF-8 actually) to copy filtered resources, i.e. build is platform dependent!
2021-11-25 10:55:09,116 [Worker-28: Building] INFO  o.e.m.c.i.embedder.EclipseLogger - Copying 0 resource
2021-11-25 10:56:07,643 [Worker-27: Building] WARN  o.e.m.c.i.embedder.EclipseLogger - Using platform encoding (UTF-8 actually) to copy filtered resources, i.e. build is platform dependent!
2021-11-25 10:56:07,671 [Worker-27: Building] INFO  o.e.m.c.i.embedder.EclipseLogger - Copying 2 resources
2021-11-25 10:56:07,730 [Worker-27: Building] WARN  o.e.m.c.i.embedder.EclipseLogger - Using platform encoding (UTF-8 actually) to copy filtered resources, i.e. build is platform dependent!
2021-11-25 10:56:07,732 [Worker-27: Building] INFO  o.e.m.c.i.embedder.EclipseLogger - Copying 0 resource
2021-11-25 10:56:57,080 [Worker-31: Building] WARN  o.e.m.c.i.embedder.EclipseLogger - Using platform encoding (UTF-8 actually) to copy filtered resources, i.e. build is platform dependent!
2021-11-25 10:56:57,092 [Worker-31: Building] INFO  o.e.m.c.i.embedder.EclipseLogger - Copying 2 resources
2021-11-25 10:56:57,097 [Worker-31: Building] WARN  o.e.m.c.i.embedder.EclipseLogger - Using platform encoding (UTF-8 actually) to copy filtered resources, i.e. build is platform dependent!
2021-11-25 10:56:57,098 [Worker-31: Building] INFO  o.e.m.c.i.embedder.EclipseLogger - Copying 0 resource
2021-11-25 10:57:32,399 [Worker-30: Building] WARN  o.e.m.c.i.embedder.EclipseLogger - Using platform encoding (UTF-8 actually) to copy filtered resources, i.e. build is platform dependent!
2021-11-25 10:57:32,414 [Worker-30: Building] INFO  o.e.m.c.i.embedder.EclipseLogger - Copying 2 resources
2021-11-25 10:57:32,417 [Worker-30: Building] WARN  o.e.m.c.i.embedder.EclipseLogger - Using platform encoding (UTF-8 actually) to copy filtered resources, i.e. build is platform dependent!
2021-11-25 10:57:32,419 [Worker-30: Building] INFO  o.e.m.c.i.embedder.EclipseLogger - Copying 0 resource
2021-11-25 10:57:51,380 [Worker-31: Building] WARN  o.e.m.c.i.embedder.EclipseLogger - Using platform encoding (UTF-8 actually) to copy filtered resources, i.e. build is platform dependent!
2021-11-25 10:57:51,396 [Worker-31: Building] INFO  o.e.m.c.i.embedder.EclipseLogger - Copying 2 resources
2021-11-25 10:57:51,399 [Worker-31: Building] WARN  o.e.m.c.i.embedder.EclipseLogger - Using platform encoding (UTF-8 actually) to copy filtered resources, i.e. build is platform dependent!
2021-11-25 10:57:51,401 [Worker-31: Building] INFO  o.e.m.c.i.embedder.EclipseLogger - Copying 0 resource
2021-11-25 10:59:47,086 [Worker-28: Building] WARN  o.e.m.c.i.embedder.EclipseLogger - Using platform encoding (UTF-8 actually) to copy filtered resources, i.e. build is platform dependent!
2021-11-25 10:59:47,115 [Worker-28: Building] INFO  o.e.m.c.i.embedder.EclipseLogger - Copying 2 resources
2021-11-25 10:59:47,117 [Worker-28: Building] WARN  o.e.m.c.i.embedder.EclipseLogger - Using platform encoding (UTF-8 actually) to copy filtered resources, i.e. build is platform dependent!
2021-11-25 10:59:47,118 [Worker-28: Building] INFO  o.e.m.c.i.embedder.EclipseLogger - Copying 0 resource
2021-11-25 10:59:59,081 [Worker-32: Building] WARN  o.e.m.c.i.embedder.EclipseLogger - Using platform encoding (UTF-8 actually) to copy filtered resources, i.e. build is platform dependent!
2021-11-25 10:59:59,084 [Worker-32: Building] INFO  o.e.m.c.i.embedder.EclipseLogger - Copying 2 resources
2021-11-25 10:59:59,089 [Worker-32: Building] WARN  o.e.m.c.i.embedder.EclipseLogger - Using platform encoding (UTF-8 actually) to copy filtered resources, i.e. build is platform dependent!
2021-11-25 10:59:59,090 [Worker-32: Building] INFO  o.e.m.c.i.embedder.EclipseLogger - Copying 0 resource
2021-11-25 11:11:49,966 [Worker-36: Building] WARN  o.e.m.c.i.embedder.EclipseLogger - Using platform encoding (UTF-8 actually) to copy filtered resources, i.e. build is platform dependent!
2021-11-25 11:11:49,991 [Worker-36: Building] INFO  o.e.m.c.i.embedder.EclipseLogger - Copying 2 resources
2021-11-25 11:11:50,001 [Worker-36: Building] WARN  o.e.m.c.i.embedder.EclipseLogger - Using platform encoding (UTF-8 actually) to copy filtered resources, i.e. build is platform dependent!
2021-11-25 11:11:50,013 [Worker-36: Building] INFO  o.e.m.c.i.embedder.EclipseLogger - Copying 0 resource
2021-11-25 11:46:09,466 [Worker-36: Building] WARN  o.e.m.c.i.embedder.EclipseLogger - Using platform encoding (UTF-8 actually) to copy filtered resources, i.e. build is platform dependent!
2021-11-25 11:46:09,521 [Worker-36: Building] INFO  o.e.m.c.i.embedder.EclipseLogger - Copying 2 resources
2021-11-25 11:46:09,535 [Worker-36: Building] WARN  o.e.m.c.i.embedder.EclipseLogger - Using platform encoding (UTF-8 actually) to copy filtered resources, i.e. build is platform dependent!
2021-11-25 11:46:09,551 [Worker-36: Building] INFO  o.e.m.c.i.embedder.EclipseLogger - Copying 0 resource
2021-11-25 11:53:51,575 [Worker-51: Building] WARN  o.e.m.c.i.embedder.EclipseLogger - Using platform encoding (UTF-8 actually) to copy filtered resources, i.e. build is platform dependent!
2021-11-25 11:53:51,585 [Worker-51: Building] INFO  o.e.m.c.i.embedder.EclipseLogger - Copying 2 resources
2021-11-25 11:53:51,589 [Worker-51: Building] WARN  o.e.m.c.i.embedder.EclipseLogger - Using platform encoding (UTF-8 actually) to copy filtered resources, i.e. build is platform dependent!
2021-11-25 11:53:51,590 [Worker-51: Building] INFO  o.e.m.c.i.embedder.EclipseLogger - Copying 0 resource
2021-11-25 13:30:25,886 [Worker-56: Building] WARN  o.e.m.c.i.embedder.EclipseLogger - Using platform encoding (UTF-8 actually) to copy filtered resources, i.e. build is platform dependent!
2021-11-25 13:30:25,906 [Worker-56: Building] INFO  o.e.m.c.i.embedder.EclipseLogger - Copying 2 resources
2021-11-25 13:30:25,914 [Worker-56: Building] WARN  o.e.m.c.i.embedder.EclipseLogger - Using platform encoding (UTF-8 actually) to copy filtered resources, i.e. build is platform dependent!
2021-11-25 13:30:25,916 [Worker-56: Building] INFO  o.e.m.c.i.embedder.EclipseLogger - Copying 0 resource
2021-11-25 14:50:09,468 [Worker-82: Building] WARN  o.e.m.c.i.embedder.EclipseLogger - Using platform encoding (UTF-8 actually) to copy filtered resources, i.e. build is platform dependent!
2021-11-25 14:50:09,496 [Worker-82: Building] INFO  o.e.m.c.i.embedder.EclipseLogger - Copying 2 resources
2021-11-25 14:50:09,503 [Worker-82: Building] WARN  o.e.m.c.i.embedder.EclipseLogger - Using platform encoding (UTF-8 actually) to copy filtered resources, i.e. build is platform dependent!
2021-11-25 14:50:09,505 [Worker-82: Building] INFO  o.e.m.c.i.embedder.EclipseLogger - Copying 0 resource
2021-11-25 15:20:08,355 [Worker-260: Building] WARN  o.e.m.c.i.embedder.EclipseLogger - Using platform encoding (UTF-8 actually) to copy filtered resources, i.e. build is platform dependent!
2021-11-25 15:20:08,362 [Worker-260: Building] INFO  o.e.m.c.i.embedder.EclipseLogger - Copying 2 resources
2021-11-25 15:20:08,365 [Worker-260: Building] WARN  o.e.m.c.i.embedder.EclipseLogger - Using platform encoding (UTF-8 actually) to copy filtered resources, i.e. build is platform dependent!
2021-11-25 15:20:08,366 [Worker-260: Building] INFO  o.e.m.c.i.embedder.EclipseLogger - Copying 0 resource
2021-11-25 15:20:12,591 [Worker-190: Building] WARN  o.e.m.c.i.embedder.EclipseLogger - Using platform encoding (UTF-8 actually) to copy filtered resources, i.e. build is platform dependent!
2021-11-25 15:20:12,594 [Worker-190: Building] INFO  o.e.m.c.i.embedder.EclipseLogger - Copying 2 resources
2021-11-25 15:20:12,600 [Worker-190: Building] WARN  o.e.m.c.i.embedder.EclipseLogger - Using platform encoding (UTF-8 actually) to copy filtered resources, i.e. build is platform dependent!
2021-11-25 15:20:12,601 [Worker-190: Building] INFO  o.e.m.c.i.embedder.EclipseLogger - Copying 0 resource
2021-11-25 15:20:13,979 [Worker-300: Building] WARN  o.e.m.c.i.embedder.EclipseLogger - Using platform encoding (UTF-8 actually) to copy filtered resources, i.e. build is platform dependent!
2021-11-25 15:20:14,000 [Worker-300: Building] INFO  o.e.m.c.i.embedder.EclipseLogger - Copying 2 resources
2021-11-25 15:20:14,007 [Worker-300: Building] WARN  o.e.m.c.i.embedder.EclipseLogger - Using platform encoding (UTF-8 actually) to copy filtered resources, i.e. build is platform dependent!
2021-11-25 15:20:14,009 [Worker-300: Building] INFO  o.e.m.c.i.embedder.EclipseLogger - Copying 0 resource
2021-11-25 15:20:15,633 [Worker-153: Launching Application] WARN  o.e.m.c.i.embedder.EclipseLogger - Using platform encoding (UTF-8 actually) to copy filtered resources, i.e. build is platform dependent!
2021-11-25 15:20:15,636 [Worker-153: Launching Application] INFO  o.e.m.c.i.embedder.EclipseLogger - Copying 2 resources
2021-11-25 15:20:15,639 [Worker-153: Launching Application] WARN  o.e.m.c.i.embedder.EclipseLogger - Using platform encoding (UTF-8 actually) to copy filtered resources, i.e. build is platform dependent!
2021-11-25 15:20:15,640 [Worker-153: Launching Application] INFO  o.e.m.c.i.embedder.EclipseLogger - Copying 0 resource
2021-11-25 16:03:49,574 [Worker-380: Launching Application] WARN  o.e.m.c.i.embedder.EclipseLogger - Using platform encoding (UTF-8 actually) to copy filtered resources, i.e. build is platform dependent!
2021-11-25 16:03:49,597 [Worker-380: Launching Application] INFO  o.e.m.c.i.embedder.EclipseLogger - Copying 2 resources
2021-11-25 16:03:49,602 [Worker-380: Launching Application] WARN  o.e.m.c.i.embedder.EclipseLogger - Using platform encoding (UTF-8 actually) to copy filtered resources, i.e. build is platform dependent!
2021-11-25 16:03:49,604 [Worker-380: Launching Application] INFO  o.e.m.c.i.embedder.EclipseLogger - Copying 0 resource
2021-11-25 16:21:45,268 [Worker-513: Launching Application] WARN  o.e.m.c.i.embedder.EclipseLogger - Using platform encoding (UTF-8 actually) to copy filtered resources, i.e. build is platform dependent!
2021-11-25 16:21:45,276 [Worker-513: Launching Application] INFO  o.e.m.c.i.embedder.EclipseLogger - Copying 2 resources
2021-11-25 16:21:45,279 [Worker-513: Launching Application] WARN  o.e.m.c.i.embedder.EclipseLogger - Using platform encoding (UTF-8 actually) to copy filtered resources, i.e. build is platform dependent!
2021-11-25 16:21:45,281 [Worker-513: Launching Application] INFO  o.e.m.c.i.embedder.EclipseLogger - Copying 0 resource
2021-11-26 23:20:45,916 [Worker-1009: Building] WARN  o.e.m.c.i.embedder.EclipseLogger - Using platform encoding (UTF-8 actually) to copy filtered resources, i.e. build is platform dependent!
2021-11-26 23:20:45,930 [Worker-1009: Building] INFO  o.e.m.c.i.embedder.EclipseLogger - Copying 2 resources
2021-11-26 23:20:45,943 [Worker-1009: Building] WARN  o.e.m.c.i.embedder.EclipseLogger - Using platform encoding (UTF-8 actually) to copy filtered resources, i.e. build is platform dependent!
2021-11-26 23:20:45,943 [Worker-1009: Building] INFO  o.e.m.c.i.embedder.EclipseLogger - Copying 0 resource
2021-11-26 23:23:29,574 [Worker-1033: Building] WARN  o.e.m.c.i.embedder.EclipseLogger - Using platform encoding (UTF-8 actually) to copy filtered resources, i.e. build is platform dependent!
2021-11-26 23:23:29,668 [Worker-1033: Building] INFO  o.e.m.c.i.embedder.EclipseLogger - Copying 2 resources
2021-11-26 23:23:29,678 [Worker-1033: Building] WARN  o.e.m.c.i.embedder.EclipseLogger - Using platform encoding (UTF-8 actually) to copy filtered resources, i.e. build is platform dependent!
2021-11-26 23:23:29,696 [Worker-1033: Building] INFO  o.e.m.c.i.embedder.EclipseLogger - Copying 0 resource
2021-11-26 23:23:41,921 [Worker-1100: Building] WARN  o.e.m.c.i.embedder.EclipseLogger - Using platform encoding (UTF-8 actually) to copy filtered resources, i.e. build is platform dependent!
2021-11-26 23:23:41,941 [Worker-1100: Building] INFO  o.e.m.c.i.embedder.EclipseLogger - Copying 2 resources
2021-11-26 23:23:41,970 [Worker-1100: Building] WARN  o.e.m.c.i.embedder.EclipseLogger - Using platform encoding (UTF-8 actually) to copy filtered resources, i.e. build is platform dependent!
2021-11-26 23:23:41,973 [Worker-1100: Building] INFO  o.e.m.c.i.embedder.EclipseLogger - Copying 0 resource
2021-11-26 23:25:15,832 [Worker-1119: Building] WARN  o.e.m.c.i.embedder.EclipseLogger - Using platform encoding (UTF-8 actually) to copy filtered resources, i.e. build is platform dependent!
2021-11-26 23:25:15,856 [Worker-1119: Building] INFO  o.e.m.c.i.embedder.EclipseLogger - Copying 2 resources
2021-11-26 23:25:15,859 [Worker-1119: Building] WARN  o.e.m.c.i.embedder.EclipseLogger - Using platform encoding (UTF-8 actually) to copy filtered resources, i.e. build is platform dependent!
2021-11-26 23:25:15,861 [Worker-1119: Building] INFO  o.e.m.c.i.embedder.EclipseLogger - Copying 0 resource
2021-11-26 23:31:23,281 [Worker-1240: Launching Application] WARN  o.e.m.c.i.embedder.EclipseLogger - Using platform encoding (UTF-8 actually) to copy filtered resources, i.e. build is platform dependent!
2021-11-26 23:31:23,293 [Worker-1240: Launching Application] INFO  o.e.m.c.i.embedder.EclipseLogger - Copying 2 resources
2021-11-26 23:31:23,295 [Worker-1240: Launching Application] WARN  o.e.m.c.i.embedder.EclipseLogger - Using platform encoding (UTF-8 actually) to copy filtered resources, i.e. build is platform dependent!
2021-11-26 23:31:23,296 [Worker-1240: Launching Application] INFO  o.e.m.c.i.embedder.EclipseLogger - Copying 0 resource
2021-11-26 23:42:31,682 [Worker-1240: Building] WARN  o.e.m.c.i.embedder.EclipseLogger - Using platform encoding (UTF-8 actually) to copy filtered resources, i.e. build is platform dependent!
2021-11-26 23:42:31,690 [Worker-1240: Building] INFO  o.e.m.c.i.embedder.EclipseLogger - Copying 2 resources
2021-11-26 23:42:31,692 [Worker-1240: Building] WARN  o.e.m.c.i.embedder.EclipseLogger - Using platform encoding (UTF-8 actually) to copy filtered resources, i.e. build is platform dependent!
2021-11-26 23:42:31,693 [Worker-1240: Building] INFO  o.e.m.c.i.embedder.EclipseLogger - Copying 0 resource
2021-11-26 23:42:34,900 [Worker-1350: Launching Application] WARN  o.e.m.c.i.embedder.EclipseLogger - Using platform encoding (UTF-8 actually) to copy filtered resources, i.e. build is platform dependent!
2021-11-26 23:42:34,906 [Worker-1350: Launching Application] INFO  o.e.m.c.i.embedder.EclipseLogger - Copying 2 resources
2021-11-26 23:42:34,909 [Worker-1350: Launching Application] WARN  o.e.m.c.i.embedder.EclipseLogger - Using platform encoding (UTF-8 actually) to copy filtered resources, i.e. build is platform dependent!
2021-11-26 23:42:34,911 [Worker-1350: Launching Application] INFO  o.e.m.c.i.embedder.EclipseLogger - Copying 0 resource
2021-11-26 23:53:50,157 [Worker-1714: Building] WARN  o.e.m.c.i.embedder.EclipseLogger - Using platform encoding (UTF-8 actually) to copy filtered resources, i.e. build is platform dependent!
2021-11-26 23:53:50,168 [Worker-1714: Building] INFO  o.e.m.c.i.embedder.EclipseLogger - Copying 2 resources
2021-11-26 23:53:50,187 [Worker-1714: Building] WARN  o.e.m.c.i.embedder.EclipseLogger - Using platform encoding (UTF-8 actually) to copy filtered resources, i.e. build is platform dependent!
2021-11-26 23:53:50,188 [Worker-1714: Building] INFO  o.e.m.c.i.embedder.EclipseLogger - Copying 0 resource
2021-11-26 23:53:50,824 [Worker-1443: Launching Application] WARN  o.e.m.c.i.embedder.EclipseLogger - Using platform encoding (UTF-8 actually) to copy filtered resources, i.e. build is platform dependent!
2021-11-26 23:53:50,831 [Worker-1443: Launching Application] INFO  o.e.m.c.i.embedder.EclipseLogger - Copying 2 resources
2021-11-26 23:53:50,835 [Worker-1443: Launching Application] WARN  o.e.m.c.i.embedder.EclipseLogger - Using platform encoding (UTF-8 actually) to copy filtered resources, i.e. build is platform dependent!
2021-11-26 23:53:50,836 [Worker-1443: Launching Application] INFO  o.e.m.c.i.embedder.EclipseLogger - Copying 0 resource
2021-11-26 23:54:25,499 [Worker-1703: Building] WARN  o.e.m.c.i.embedder.EclipseLogger - Using platform encoding (UTF-8 actually) to copy filtered resources, i.e. build is platform dependent!
2021-11-26 23:54:25,513 [Worker-1703: Building] INFO  o.e.m.c.i.embedder.EclipseLogger - Copying 2 resources
2021-11-26 23:54:25,518 [Worker-1703: Building] WARN  o.e.m.c.i.embedder.EclipseLogger - Using platform encoding (UTF-8 actually) to copy filtered resources, i.e. build is platform dependent!
2021-11-26 23:54:25,519 [Worker-1703: Building] INFO  o.e.m.c.i.embedder.EclipseLogger - Copying 0 resource
2021-11-26 23:55:10,636 [Worker-1891: Launching Application] WARN  o.e.m.c.i.embedder.EclipseLogger - Using platform encoding (UTF-8 actually) to copy filtered resources, i.e. build is platform dependent!
2021-11-26 23:55:10,647 [Worker-1891: Launching Application] INFO  o.e.m.c.i.embedder.EclipseLogger - Copying 2 resources
2021-11-26 23:55:10,650 [Worker-1891: Launching Application] WARN  o.e.m.c.i.embedder.EclipseLogger - Using platform encoding (UTF-8 actually) to copy filtered resources, i.e. build is platform dependent!
2021-11-26 23:55:10,651 [Worker-1891: Launching Application] INFO  o.e.m.c.i.embedder.EclipseLogger - Copying 0 resource
2021-11-27 12:29:03,985 [Worker-1953: Launching Application] WARN  o.e.m.c.i.embedder.EclipseLogger - Using platform encoding (UTF-8 actually) to copy filtered resources, i.e. build is platform dependent!
2021-11-27 12:29:04,014 [Worker-1953: Launching Application] INFO  o.e.m.c.i.embedder.EclipseLogger - Copying 2 resources
2021-11-27 12:29:04,025 [Worker-1953: Launching Application] WARN  o.e.m.c.i.embedder.EclipseLogger - Using platform encoding (UTF-8 actually) to copy filtered resources, i.e. build is platform dependent!
2021-11-27 12:29:04,026 [Worker-1953: Launching Application] INFO  o.e.m.c.i.embedder.EclipseLogger - Copying 0 resource
2021-11-27 12:50:58,363 [Worker-2125: Building] WARN  o.e.m.c.i.embedder.EclipseLogger - Using platform encoding (UTF-8 actually) to copy filtered resources, i.e. build is platform dependent!
2021-11-27 12:50:58,374 [Worker-2125: Building] INFO  o.e.m.c.i.embedder.EclipseLogger - Copying 2 resources
2021-11-27 12:50:58,377 [Worker-2125: Building] WARN  o.e.m.c.i.embedder.EclipseLogger - Using platform encoding (UTF-8 actually) to copy filtered resources, i.e. build is platform dependent!
2021-11-27 12:50:58,378 [Worker-2125: Building] INFO  o.e.m.c.i.embedder.EclipseLogger - Copying 0 resource
2021-11-27 12:57:52,981 [Worker-2168: Building] WARN  o.e.m.c.i.embedder.EclipseLogger - Using platform encoding (UTF-8 actually) to copy filtered resources, i.e. build is platform dependent!
2021-11-27 12:57:53,156 [Worker-2168: Building] INFO  o.e.m.c.i.embedder.EclipseLogger - Copying 2 resources
2021-11-27 12:57:53,166 [Worker-2168: Building] WARN  o.e.m.c.i.embedder.EclipseLogger - Using platform encoding (UTF-8 actually) to copy filtered resources, i.e. build is platform dependent!
2021-11-27 12:57:53,169 [Worker-2168: Building] INFO  o.e.m.c.i.embedder.EclipseLogger - Copying 0 resource
2021-11-27 13:02:26,257 [Worker-2255: Building] WARN  o.e.m.c.i.embedder.EclipseLogger - Using platform encoding (UTF-8 actually) to copy filtered resources, i.e. build is platform dependent!
2021-11-27 13:02:26,269 [Worker-2255: Building] INFO  o.e.m.c.i.embedder.EclipseLogger - Copying 2 resources
2021-11-27 13:02:26,271 [Worker-2255: Building] WARN  o.e.m.c.i.embedder.EclipseLogger - Using platform encoding (UTF-8 actually) to copy filtered resources, i.e. build is platform dependent!
2021-11-27 13:02:26,272 [Worker-2255: Building] INFO  o.e.m.c.i.embedder.EclipseLogger - Copying 0 resource
2021-11-27 13:03:04,412 [Worker-2501: Building] WARN  o.e.m.c.i.embedder.EclipseLogger - Using platform encoding (UTF-8 actually) to copy filtered resources, i.e. build is platform dependent!
2021-11-27 13:03:04,423 [Worker-2501: Building] INFO  o.e.m.c.i.embedder.EclipseLogger - Copying 2 resources
2021-11-27 13:03:05,508 [Worker-2501: Building] WARN  o.e.m.c.i.embedder.EclipseLogger - Using platform encoding (UTF-8 actually) to copy filtered resources, i.e. build is platform dependent!
2021-11-27 13:03:05,510 [Worker-2501: Building] INFO  o.e.m.c.i.embedder.EclipseLogger - Copying 0 resource
2021-11-27 13:06:49,411 [Worker-2604: Building] WARN  o.e.m.c.i.embedder.EclipseLogger - Using platform encoding (UTF-8 actually) to copy filtered resources, i.e. build is platform dependent!
2021-11-27 13:06:49,429 [Worker-2604: Building] INFO  o.e.m.c.i.embedder.EclipseLogger - Copying 2 resources
2021-11-27 13:06:49,442 [Worker-2604: Building] WARN  o.e.m.c.i.embedder.EclipseLogger - Using platform encoding (UTF-8 actually) to copy filtered resources, i.e. build is platform dependent!
2021-11-27 13:06:49,444 [Worker-2604: Building] INFO  o.e.m.c.i.embedder.EclipseLogger - Copying 0 resource
2021-11-27 13:11:12,761 [Worker-2937: Building] WARN  o.e.m.c.i.embedder.EclipseLogger - Using platform encoding (UTF-8 actually) to copy filtered resources, i.e. build is platform dependent!
2021-11-27 13:11:12,774 [Worker-2937: Building] INFO  o.e.m.c.i.embedder.EclipseLogger - Copying 2 resources
2021-11-27 13:11:12,778 [Worker-2937: Building] WARN  o.e.m.c.i.embedder.EclipseLogger - Using platform encoding (UTF-8 actually) to copy filtered resources, i.e. build is platform dependent!
2021-11-27 13:11:12,779 [Worker-2937: Building] INFO  o.e.m.c.i.embedder.EclipseLogger - Copying 0 resource
2021-11-27 13:18:36,538 [Worker-3043: Building] WARN  o.e.m.c.i.embedder.EclipseLogger - Using platform encoding (UTF-8 actually) to copy filtered resources, i.e. build is platform dependent!
2021-11-27 13:18:36,551 [Worker-3043: Building] INFO  o.e.m.c.i.embedder.EclipseLogger - Copying 2 resources
2021-11-27 13:18:36,556 [Worker-3043: Building] WARN  o.e.m.c.i.embedder.EclipseLogger - Using platform encoding (UTF-8 actually) to copy filtered resources, i.e. build is platform dependent!
2021-11-27 13:18:36,557 [Worker-3043: Building] INFO  o.e.m.c.i.embedder.EclipseLogger - Copying 0 resource
2021-11-27 13:18:38,222 [Worker-3215: Building] WARN  o.e.m.c.i.embedder.EclipseLogger - Using platform encoding (UTF-8 actually) to copy filtered resources, i.e. build is platform dependent!
2021-11-27 13:18:38,312 [Worker-3215: Building] INFO  o.e.m.c.i.embedder.EclipseLogger - Copying 2 resources
2021-11-27 13:18:38,316 [Worker-3215: Building] WARN  o.e.m.c.i.embedder.EclipseLogger - Using platform encoding (UTF-8 actually) to copy filtered resources, i.e. build is platform dependent!
2021-11-27 13:18:38,317 [Worker-3215: Building] INFO  o.e.m.c.i.embedder.EclipseLogger - Copying 0 resource
2021-11-27 13:31:32,057 [Worker-3351: Building] WARN  o.e.m.c.i.embedder.EclipseLogger - Using platform encoding (UTF-8 actually) to copy filtered resources, i.e. build is platform dependent!
2021-11-27 13:31:32,073 [Worker-3351: Building] INFO  o.e.m.c.i.embedder.EclipseLogger - Copying 0 resource
2021-11-27 13:31:32,076 [Worker-3351: Building] WARN  o.e.m.c.i.embedder.EclipseLogger - Using platform encoding (UTF-8 actually) to copy filtered resources, i.e. build is platform dependent!
2021-11-27 13:31:32,077 [Worker-3351: Building] INFO  o.e.m.c.i.embedder.EclipseLogger - Copying 0 resource
2021-11-27 13:34:27,935 [Worker-3425: Building] WARN  o.e.m.c.i.embedder.EclipseLogger - Using platform encoding (UTF-8 actually) to copy filtered resources, i.e. build is platform dependent!
2021-11-27 13:34:27,943 [Worker-3425: Building] INFO  o.e.m.c.i.embedder.EclipseLogger - Copying 2 resources
2021-11-27 13:34:27,945 [Worker-3425: Building] WARN  o.e.m.c.i.embedder.EclipseLogger - Using platform encoding (UTF-8 actually) to copy filtered resources, i.e. build is platform dependent!
2021-11-27 13:34:27,946 [Worker-3425: Building] INFO  o.e.m.c.i.embedder.EclipseLogger - Copying 0 resource
2021-11-27 13:34:29,199 [Worker-3466: Building] WARN  o.e.m.c.i.embedder.EclipseLogger - Using platform encoding (UTF-8 actually) to copy filtered resources, i.e. build is platform dependent!
2021-11-27 13:34:29,202 [Worker-3466: Building] INFO  o.e.m.c.i.embedder.EclipseLogger - Copying 2 resources
2021-11-27 13:34:29,212 [Worker-3466: Building] WARN  o.e.m.c.i.embedder.EclipseLogger - Using platform encoding (UTF-8 actually) to copy filtered resources, i.e. build is platform dependent!
2021-11-27 13:34:29,216 [Worker-3466: Building] INFO  o.e.m.c.i.embedder.EclipseLogger - Copying 0 resource
2021-11-27 13:47:44,361 [Worker-3815: Building] WARN  o.e.m.c.i.embedder.EclipseLogger - Using platform encoding (UTF-8 actually) to copy filtered resources, i.e. build is platform dependent!
2021-11-27 13:47:44,377 [Worker-3815: Building] INFO  o.e.m.c.i.embedder.EclipseLogger - Copying 2 resources
2021-11-27 13:47:44,387 [Worker-3815: Building] WARN  o.e.m.c.i.embedder.EclipseLogger - Using platform encoding (UTF-8 actually) to copy filtered resources, i.e. build is platform dependent!
2021-11-27 13:47:44,389 [Worker-3815: Building] INFO  o.e.m.c.i.embedder.EclipseLogger - Copying 0 resource
2021-11-27 13:49:42,980 [Worker-4066: Building] WARN  o.e.m.c.i.embedder.EclipseLogger - Using platform encoding (UTF-8 actually) to copy filtered resources, i.e. build is platform dependent!
2021-11-27 13:49:42,999 [Worker-4066: Building] INFO  o.e.m.c.i.embedder.EclipseLogger - Copying 2 resources
2021-11-27 13:49:43,013 [Worker-4066: Building] WARN  o.e.m.c.i.embedder.EclipseLogger - Using platform encoding (UTF-8 actually) to copy filtered resources, i.e. build is platform dependent!
2021-11-27 13:49:43,014 [Worker-4066: Building] INFO  o.e.m.c.i.embedder.EclipseLogger - Copying 0 resource
2021-11-27 15:53:16,381 [Worker-4144: Building] WARN  o.e.m.c.i.embedder.EclipseLogger - Using platform encoding (UTF-8 actually) to copy filtered resources, i.e. build is platform dependent!
2021-11-27 15:53:16,396 [Worker-4144: Building] INFO  o.e.m.c.i.embedder.EclipseLogger - Copying 2 resources
2021-11-27 15:53:16,404 [Worker-4144: Building] WARN  o.e.m.c.i.embedder.EclipseLogger - Using platform encoding (UTF-8 actually) to copy filtered resources, i.e. build is platform dependent!
2021-11-27 15:53:16,405 [Worker-4144: Building] INFO  o.e.m.c.i.embedder.EclipseLogger - Copying 0 resource
2021-11-27 16:11:06,909 [Worker-4189: Building] WARN  o.e.m.c.i.embedder.EclipseLogger - Using platform encoding (UTF-8 actually) to copy filtered resources, i.e. build is platform dependent!
2021-11-27 16:11:06,919 [Worker-4189: Building] INFO  o.e.m.c.i.embedder.EclipseLogger - Copying 2 resources
2021-11-27 16:11:06,924 [Worker-4189: Building] WARN  o.e.m.c.i.embedder.EclipseLogger - Using platform encoding (UTF-8 actually) to copy filtered resources, i.e. build is platform dependent!
2021-11-27 16:11:06,925 [Worker-4189: Building] INFO  o.e.m.c.i.embedder.EclipseLogger - Copying 0 resource
2021-11-27 23:04:40,073 [Worker-4552: Building] WARN  o.e.m.c.i.embedder.EclipseLogger - Using platform encoding (UTF-8 actually) to copy filtered resources, i.e. build is platform dependent!
2021-11-27 23:04:40,100 [Worker-4552: Building] INFO  o.e.m.c.i.embedder.EclipseLogger - Copying 2 resources
2021-11-27 23:04:40,105 [Worker-4552: Building] WARN  o.e.m.c.i.embedder.EclipseLogger - Using platform encoding (UTF-8 actually) to copy filtered resources, i.e. build is platform dependent!
2021-11-27 23:04:40,106 [Worker-4552: Building] INFO  o.e.m.c.i.embedder.EclipseLogger - Copying 0 resource
2021-11-27 23:06:20,721 [Worker-4771: Building] WARN  o.e.m.c.i.embedder.EclipseLogger - Using platform encoding (UTF-8 actually) to copy filtered resources, i.e. build is platform dependent!
2021-11-27 23:06:20,735 [Worker-4771: Building] INFO  o.e.m.c.i.embedder.EclipseLogger - Copying 2 resources
2021-11-27 23:06:20,742 [Worker-4771: Building] WARN  o.e.m.c.i.embedder.EclipseLogger - Using platform encoding (UTF-8 actually) to copy filtered resources, i.e. build is platform dependent!
2021-11-27 23:06:20,755 [Worker-4771: Building] INFO  o.e.m.c.i.embedder.EclipseLogger - Copying 0 resource
2021-11-28 09:36:48,851 [Worker-6312: Building] WARN  o.e.m.c.i.embedder.EclipseLogger - Using platform encoding (UTF-8 actually) to copy filtered resources, i.e. build is platform dependent!
2021-11-28 09:36:48,955 [Worker-6312: Building] INFO  o.e.m.c.i.embedder.EclipseLogger - Copying 2 resources
2021-11-28 09:36:49,044 [Worker-6312: Building] WARN  o.e.m.c.i.embedder.EclipseLogger - Using platform encoding (UTF-8 actually) to copy filtered resources, i.e. build is platform dependent!
2021-11-28 09:36:49,047 [Worker-6312: Building] INFO  o.e.m.c.i.embedder.EclipseLogger - Copying 0 resource
2021-11-28 14:34:17,724 [Worker-6601: Launching Application] WARN  o.e.m.c.i.embedder.EclipseLogger - Using platform encoding (UTF-8 actually) to copy filtered resources, i.e. build is platform dependent!
2021-11-28 14:34:17,831 [Worker-6601: Launching Application] INFO  o.e.m.c.i.embedder.EclipseLogger - Copying 2 resources
2021-11-28 14:34:17,859 [Worker-6601: Launching Application] WARN  o.e.m.c.i.embedder.EclipseLogger - Using platform encoding (UTF-8 actually) to copy filtered resources, i.e. build is platform dependent!
2021-11-28 14:34:17,863 [Worker-6601: Launching Application] INFO  o.e.m.c.i.embedder.EclipseLogger - Copying 0 resource
2021-11-28 16:45:01,797 [Worker-7234: Launching Application] WARN  o.e.m.c.i.embedder.EclipseLogger - Using platform encoding (UTF-8 actually) to copy filtered resources, i.e. build is platform dependent!
2021-11-28 16:45:01,866 [Worker-7234: Launching Application] INFO  o.e.m.c.i.embedder.EclipseLogger - Copying 2 resources
2021-11-28 16:45:01,893 [Worker-7234: Launching Application] WARN  o.e.m.c.i.embedder.EclipseLogger - Using platform encoding (UTF-8 actually) to copy filtered resources, i.e. build is platform dependent!
2021-11-28 16:45:01,895 [Worker-7234: Launching Application] INFO  o.e.m.c.i.embedder.EclipseLogger - Copying 0 resource
2021-11-28 16:56:37,514 [Worker-7980: Building] WARN  o.e.m.c.i.embedder.EclipseLogger - Using platform encoding (UTF-8 actually) to copy filtered resources, i.e. build is platform dependent!
2021-11-28 16:56:37,550 [Worker-7980: Building] INFO  o.e.m.c.i.embedder.EclipseLogger - Copying 2 resources
2021-11-28 16:56:37,559 [Worker-7980: Building] WARN  o.e.m.c.i.embedder.EclipseLogger - Using platform encoding (UTF-8 actually) to copy filtered resources, i.e. build is platform dependent!
2021-11-28 16:56:37,560 [Worker-7980: Building] INFO  o.e.m.c.i.embedder.EclipseLogger - Copying 0 resource
2021-11-28 17:10:15,185 [Worker-7: Loading available Gradle versions] INFO  o.e.b.c.i.u.g.PublishedGradleVersions - Gradle version information cache is out-of-date. Trying to update.
2021-11-28 17:10:19,046 [Worker-8: Building] WARN  o.e.m.c.i.embedder.EclipseLogger - Using platform encoding (UTF-8 actually) to copy filtered resources, i.e. build is platform dependent!
2021-11-28 17:10:19,068 [Worker-8: Building] INFO  o.e.m.c.i.embedder.EclipseLogger - Copying 2 resources
2021-11-28 17:10:19,096 [Worker-8: Building] WARN  o.e.m.c.i.embedder.EclipseLogger - Using platform encoding (UTF-8 actually) to copy filtered resources, i.e. build is platform dependent!
2021-11-28 17:10:19,097 [Worker-8: Building] INFO  o.e.m.c.i.embedder.EclipseLogger - Copying 0 resource
2021-11-28 22:22:44,499 [Worker-13: Building] WARN  o.e.m.c.i.embedder.EclipseLogger - Using platform encoding (UTF-8 actually) to copy filtered resources, i.e. build is platform dependent!
2021-11-28 22:22:44,545 [Worker-13: Building] INFO  o.e.m.c.i.embedder.EclipseLogger - Copying 2 resources
2021-11-28 22:22:44,548 [Worker-13: Building] WARN  o.e.m.c.i.embedder.EclipseLogger - Using platform encoding (UTF-8 actually) to copy filtered resources, i.e. build is platform dependent!
2021-11-28 22:22:44,550 [Worker-13: Building] INFO  o.e.m.c.i.embedder.EclipseLogger - Copying 0 resource
2021-11-29 22:14:30,516 [Worker-23: Building] WARN  o.e.m.c.i.embedder.EclipseLogger - Using platform encoding (UTF-8 actually) to copy filtered resources, i.e. build is platform dependent!
2021-11-29 22:14:30,528 [Worker-23: Building] INFO  o.e.m.c.i.embedder.EclipseLogger - Copying 2 resources
2021-11-29 22:14:30,534 [Worker-23: Building] WARN  o.e.m.c.i.embedder.EclipseLogger - Using platform encoding (UTF-8 actually) to copy filtered resources, i.e. build is platform dependent!
2021-11-29 22:14:30,536 [Worker-23: Building] INFO  o.e.m.c.i.embedder.EclipseLogger - Copying 0 resource
2021-11-30 13:11:57,405 [Worker-29: Launching Application] WARN  o.e.m.c.i.embedder.EclipseLogger - Using platform encoding (UTF-8 actually) to copy filtered resources, i.e. build is platform dependent!
2021-11-30 13:11:57,431 [Worker-29: Launching Application] INFO  o.e.m.c.i.embedder.EclipseLogger - Copying 2 resources
2021-11-30 13:11:57,448 [Worker-29: Launching Application] WARN  o.e.m.c.i.embedder.EclipseLogger - Using platform encoding (UTF-8 actually) to copy filtered resources, i.e. build is platform dependent!
2021-11-30 13:11:57,449 [Worker-29: Launching Application] INFO  o.e.m.c.i.embedder.EclipseLogger - Copying 0 resource
2021-11-30 13:12:15,526 [Worker-27: Launching Application] WARN  o.e.m.c.i.embedder.EclipseLogger - Using platform encoding (UTF-8 actually) to copy filtered resources, i.e. build is platform dependent!
2021-11-30 13:12:15,541 [Worker-27: Launching Application] INFO  o.e.m.c.i.embedder.EclipseLogger - Copying 2 resources
2021-11-30 13:12:15,548 [Worker-27: Launching Application] WARN  o.e.m.c.i.embedder.EclipseLogger - Using platform encoding (UTF-8 actually) to copy filtered resources, i.e. build is platform dependent!
2021-11-30 13:12:15,552 [Worker-27: Launching Application] INFO  o.e.m.c.i.embedder.EclipseLogger - Copying 0 resource
2021-11-30 13:55:42,744 [Worker-33: Building] WARN  o.e.m.c.i.embedder.EclipseLogger - Using platform encoding (UTF-8 actually) to copy filtered resources, i.e. build is platform dependent!
2021-11-30 13:55:42,765 [Worker-33: Building] INFO  o.e.m.c.i.embedder.EclipseLogger - Copying 2 resources
2021-11-30 13:55:42,767 [Worker-33: Building] WARN  o.e.m.c.i.embedder.EclipseLogger - Using platform encoding (UTF-8 actually) to copy filtered resources, i.e. build is platform dependent!
2021-11-30 13:55:42,770 [Worker-33: Building] INFO  o.e.m.c.i.embedder.EclipseLogger - Copying 0 resource
2021-11-30 14:06:45,598 [Worker-47: Building] WARN  o.e.m.c.i.embedder.EclipseLogger - Using platform encoding (UTF-8 actually) to copy filtered resources, i.e. build is platform dependent!
2021-11-30 14:06:45,618 [Worker-47: Building] INFO  o.e.m.c.i.embedder.EclipseLogger - Copying 2 resources
2021-11-30 14:06:45,622 [Worker-47: Building] WARN  o.e.m.c.i.embedder.EclipseLogger - Using platform encoding (UTF-8 actually) to copy filtered resources, i.e. build is platform dependent!
2021-11-30 14:06:45,624 [Worker-47: Building] INFO  o.e.m.c.i.embedder.EclipseLogger - Copying 0 resource
2021-11-30 14:10:00,753 [Worker-51: Building] WARN  o.e.m.c.i.embedder.EclipseLogger - Using platform encoding (UTF-8 actually) to copy filtered resources, i.e. build is platform dependent!
2021-11-30 14:10:00,788 [Worker-51: Building] INFO  o.e.m.c.i.embedder.EclipseLogger - Copying 2 resources
2021-11-30 14:10:00,792 [Worker-51: Building] WARN  o.e.m.c.i.embedder.EclipseLogger - Using platform encoding (UTF-8 actually) to copy filtered resources, i.e. build is platform dependent!
2021-11-30 14:10:00,793 [Worker-51: Building] INFO  o.e.m.c.i.embedder.EclipseLogger - Copying 0 resource
2021-11-30 14:22:03,319 [Worker-53: Building] WARN  o.e.m.c.i.embedder.EclipseLogger - Using platform encoding (UTF-8 actually) to copy filtered resources, i.e. build is platform dependent!
2021-11-30 14:22:03,335 [Worker-53: Building] INFO  o.e.m.c.i.embedder.EclipseLogger - Copying 2 resources
2021-11-30 14:22:03,341 [Worker-53: Building] WARN  o.e.m.c.i.embedder.EclipseLogger - Using platform encoding (UTF-8 actually) to copy filtered resources, i.e. build is platform dependent!
2021-11-30 14:22:03,343 [Worker-53: Building] INFO  o.e.m.c.i.embedder.EclipseLogger - Copying 0 resource
2021-11-30 14:24:33,863 [Worker-56: Building] WARN  o.e.m.c.i.embedder.EclipseLogger - Using platform encoding (UTF-8 actually) to copy filtered resources, i.e. build is platform dependent!
2021-11-30 14:24:33,895 [Worker-56: Building] INFO  o.e.m.c.i.embedder.EclipseLogger - Copying 2 resources
2021-11-30 14:24:33,898 [Worker-56: Building] WARN  o.e.m.c.i.embedder.EclipseLogger - Using platform encoding (UTF-8 actually) to copy filtered resources, i.e. build is platform dependent!
2021-11-30 14:24:33,899 [Worker-56: Building] INFO  o.e.m.c.i.embedder.EclipseLogger - Copying 0 resource
2021-11-30 14:29:02,171 [Worker-59: Building] WARN  o.e.m.c.i.embedder.EclipseLogger - Using platform encoding (UTF-8 actually) to copy filtered resources, i.e. build is platform dependent!
2021-11-30 14:29:02,196 [Worker-59: Building] INFO  o.e.m.c.i.embedder.EclipseLogger - Copying 2 resources
2021-11-30 14:29:02,198 [Worker-59: Building] WARN  o.e.m.c.i.embedder.EclipseLogger - Using platform encoding (UTF-8 actually) to copy filtered resources, i.e. build is platform dependent!
2021-11-30 14:29:02,201 [Worker-59: Building] INFO  o.e.m.c.i.embedder.EclipseLogger - Copying 0 resource
2021-11-30 14:43:31,808 [Worker-60: Building] WARN  o.e.m.c.i.embedder.EclipseLogger - Using platform encoding (UTF-8 actually) to copy filtered resources, i.e. build is platform dependent!
2021-11-30 14:43:31,818 [Worker-60: Building] INFO  o.e.m.c.i.embedder.EclipseLogger - Copying 0 resource
2021-11-30 14:43:31,821 [Worker-60: Building] WARN  o.e.m.c.i.embedder.EclipseLogger - Using platform encoding (UTF-8 actually) to copy filtered resources, i.e. build is platform dependent!
2021-11-30 14:43:31,822 [Worker-60: Building] INFO  o.e.m.c.i.embedder.EclipseLogger - Copying 0 resource
2021-11-30 14:44:18,421 [Worker-65: Building] INFO  o.e.m.c.i.l.LifecycleMappingFactory - Using org.eclipse.m2e.jdt.JarLifecycleMapping lifecycle mapping for MavenProject: com.revature:logback:0.0.1-SNAPSHOT @ /Users/ashlioneal/Desktop/Project-zero/logback/pom.xml.
2021-11-30 14:44:19,054 [Worker-65: Building] WARN  o.e.m.c.i.embedder.EclipseLogger - Using platform encoding (UTF-8 actually) to copy filtered resources, i.e. build is platform dependent!
2021-11-30 14:44:19,059 [Worker-65: Building] INFO  o.e.m.c.i.embedder.EclipseLogger - Copying 0 resource
2021-11-30 14:44:19,067 [Worker-65: Building] WARN  o.e.m.c.i.embedder.EclipseLogger - Using platform encoding (UTF-8 actually) to copy filtered resources, i.e. build is platform dependent!
2021-11-30 14:44:19,068 [Worker-65: Building] INFO  o.e.m.c.i.embedder.EclipseLogger - Copying 0 resource
2021-11-30 14:44:19,515 [Worker-65: Building] INFO  o.e.m.c.i.l.LifecycleMappingFactory - Using org.eclipse.m2e.jdt.JarLifecycleMapping lifecycle mapping for MavenProject: com.revature:jdbc-demo-2:0.0.1-SNAPSHOT @ /Users/ashlioneal/Desktop/Project-zero/project-zero/pom.xml.
2021-11-30 14:44:20,571 [Worker-65: Building] WARN  o.e.m.c.i.embedder.EclipseLogger - Using platform encoding (UTF-8 actually) to copy filtered resources, i.e. build is platform dependent!
2021-11-30 14:44:20,572 [Worker-65: Building] INFO  o.e.m.c.i.embedder.EclipseLogger - Copying 1 resource
2021-11-30 14:44:20,585 [Worker-65: Building] WARN  o.e.m.c.i.embedder.EclipseLogger - Using platform encoding (UTF-8 actually) to copy filtered resources, i.e. build is platform dependent!
2021-11-30 14:44:20,587 [Worker-65: Building] INFO  o.e.m.c.i.embedder.EclipseLogger - Copying 0 resource
2021-11-30 14:44:23,363 [Worker-63: Building] WARN  o.e.m.c.i.embedder.EclipseLogger - Using platform encoding (UTF-8 actually) to copy filtered resources, i.e. build is platform dependent!
2021-11-30 14:44:23,366 [Worker-63: Building] INFO  o.e.m.c.i.embedder.EclipseLogger - Copying 1 resource
2021-11-30 14:44:23,371 [Worker-63: Building] WARN  o.e.m.c.i.embedder.EclipseLogger - Using platform encoding (UTF-8 actually) to copy filtered resources, i.e. build is platform dependent!
2021-11-30 14:44:23,372 [Worker-63: Building] INFO  o.e.m.c.i.embedder.EclipseLogger - Copying 0 resource
2021-11-30 14:47:27,272 [Worker-56: Building] WARN  o.e.m.c.i.embedder.EclipseLogger - Using platform encoding (UTF-8 actually) to copy filtered resources, i.e. build is platform dependent!
2021-11-30 14:47:27,290 [Worker-56: Building] INFO  o.e.m.c.i.embedder.EclipseLogger - Copying 2 resources
2021-11-30 14:47:27,294 [Worker-56: Building] WARN  o.e.m.c.i.embedder.EclipseLogger - Using platform encoding (UTF-8 actually) to copy filtered resources, i.e. build is platform dependent!
2021-11-30 14:47:27,297 [Worker-56: Building] INFO  o.e.m.c.i.embedder.EclipseLogger - Copying 0 resource
2021-11-30 15:08:36,390 [Worker-73: Building] WARN  o.e.m.c.i.embedder.EclipseLogger - Using platform encoding (UTF-8 actually) to copy filtered resources, i.e. build is platform dependent!
2021-11-30 15:08:36,408 [Worker-73: Building] INFO  o.e.m.c.i.embedder.EclipseLogger - Copying 2 resources
2021-11-30 15:08:36,410 [Worker-73: Building] WARN  o.e.m.c.i.embedder.EclipseLogger - Using platform encoding (UTF-8 actually) to copy filtered resources, i.e. build is platform dependent!
2021-11-30 15:08:36,411 [Worker-73: Building] INFO  o.e.m.c.i.embedder.EclipseLogger - Copying 0 resource
2021-11-30 15:08:47,909 [Worker-74: Building] WARN  o.e.m.c.i.embedder.EclipseLogger - Using platform encoding (UTF-8 actually) to copy filtered resources, i.e. build is platform dependent!
2021-11-30 15:08:47,913 [Worker-74: Building] INFO  o.e.m.c.i.embedder.EclipseLogger - Copying 2 resources
2021-11-30 15:08:47,914 [Worker-74: Building] WARN  o.e.m.c.i.embedder.EclipseLogger - Using platform encoding (UTF-8 actually) to copy filtered resources, i.e. build is platform dependent!
2021-11-30 15:08:47,916 [Worker-74: Building] INFO  o.e.m.c.i.embedder.EclipseLogger - Copying 0 resource
2021-11-30 15:10:44,307 [Worker-74: Building] WARN  o.e.m.c.i.embedder.EclipseLogger - Using platform encoding (UTF-8 actually) to copy filtered resources, i.e. build is platform dependent!
2021-11-30 15:10:44,330 [Worker-74: Building] INFO  o.e.m.c.i.embedder.EclipseLogger - Copying 2 resources
2021-11-30 15:10:44,335 [Worker-74: Building] WARN  o.e.m.c.i.embedder.EclipseLogger - Using platform encoding (UTF-8 actually) to copy filtered resources, i.e. build is platform dependent!
2021-11-30 15:10:44,340 [Worker-74: Building] INFO  o.e.m.c.i.embedder.EclipseLogger - Copying 0 resource
2021-11-30 15:37:13,682 [Worker-85: Launching Application] WARN  o.e.m.c.i.embedder.EclipseLogger - Using platform encoding (UTF-8 actually) to copy filtered resources, i.e. build is platform dependent!
2021-11-30 15:37:13,694 [Worker-85: Launching Application] INFO  o.e.m.c.i.embedder.EclipseLogger - Copying 2 resources
2021-11-30 15:37:13,698 [Worker-85: Launching Application] WARN  o.e.m.c.i.embedder.EclipseLogger - Using platform encoding (UTF-8 actually) to copy filtered resources, i.e. build is platform dependent!
2021-11-30 15:37:13,699 [Worker-85: Launching Application] INFO  o.e.m.c.i.embedder.EclipseLogger - Copying 0 resource
2021-12-01 12:40:05,237 [Worker-3: Building] WARN  o.e.m.c.i.embedder.EclipseLogger - Using platform encoding (UTF-8 actually) to copy filtered resources, i.e. build is platform dependent!
2021-12-01 12:40:05,277 [Worker-3: Building] INFO  o.e.m.c.i.embedder.EclipseLogger - Copying 0 resource
2021-12-01 12:40:05,282 [Worker-3: Building] WARN  o.e.m.c.i.embedder.EclipseLogger - Using platform encoding (UTF-8 actually) to copy filtered resources, i.e. build is platform dependent!
2021-12-01 12:40:05,283 [Worker-3: Building] INFO  o.e.m.c.i.embedder.EclipseLogger - Copying 0 resource
2021-12-01 12:40:06,785 [Worker-3: Building] WARN  o.e.m.c.i.embedder.EclipseLogger - Using platform encoding (UTF-8 actually) to copy filtered resources, i.e. build is platform dependent!
2021-12-01 12:40:06,787 [Worker-3: Building] INFO  o.e.m.c.i.embedder.EclipseLogger - Copying 2 resources
2021-12-01 12:40:06,811 [Worker-3: Building] WARN  o.e.m.c.i.embedder.EclipseLogger - Using platform encoding (UTF-8 actually) to copy filtered resources, i.e. build is platform dependent!
2021-12-01 12:40:06,813 [Worker-3: Building] INFO  o.e.m.c.i.embedder.EclipseLogger - Copying 0 resource
2021-12-01 12:40:07,617 [Worker-3: Building] WARN  o.e.m.c.i.embedder.EclipseLogger - Using platform encoding (UTF-8 actually) to copy filtered resources, i.e. build is platform dependent!
2021-12-01 12:40:07,619 [Worker-3: Building] INFO  o.e.m.c.i.embedder.EclipseLogger - Copying 1 resource
2021-12-01 12:40:07,623 [Worker-3: Building] WARN  o.e.m.c.i.embedder.EclipseLogger - Using platform encoding (UTF-8 actually) to copy filtered resources, i.e. build is platform dependent!
2021-12-01 12:40:07,624 [Worker-3: Building] INFO  o.e.m.c.i.embedder.EclipseLogger - Copying 0 resource
2021-12-01 12:53:04,365 [Worker-14: Loading available Gradle versions] INFO  o.e.b.c.i.u.g.PublishedGradleVersions - Gradle version information cache is out-of-date. Trying to update.
2021-12-01 12:57:20,392 [Worker-13: Building] WARN  o.e.m.c.i.embedder.EclipseLogger - Using platform encoding (UTF-8 actually) to copy filtered resources, i.e. build is platform dependent!
2021-12-01 12:57:20,448 [Worker-13: Building] INFO  o.e.m.c.i.embedder.EclipseLogger - Copying 0 resource
2021-12-01 12:57:20,453 [Worker-13: Building] WARN  o.e.m.c.i.embedder.EclipseLogger - Using platform encoding (UTF-8 actually) to copy filtered resources, i.e. build is platform dependent!
2021-12-01 12:57:20,455 [Worker-13: Building] INFO  o.e.m.c.i.embedder.EclipseLogger - Copying 0 resource
2021-12-01 12:57:24,076 [Worker-13: Building] WARN  o.e.m.c.i.embedder.EclipseLogger - Using platform encoding (UTF-8 actually) to copy filtered resources, i.e. build is platform dependent!
2021-12-01 12:57:24,099 [Worker-13: Building] INFO  o.e.m.c.i.embedder.EclipseLogger - Copying 2 resources
2021-12-01 12:57:24,147 [Worker-13: Building] WARN  o.e.m.c.i.embedder.EclipseLogger - Using platform encoding (UTF-8 actually) to copy filtered resources, i.e. build is platform dependent!
2021-12-01 12:57:24,149 [Worker-13: Building] INFO  o.e.m.c.i.embedder.EclipseLogger - Copying 0 resource
2021-12-01 12:57:26,344 [Worker-13: Building] WARN  o.e.m.c.i.embedder.EclipseLogger - Using platform encoding (UTF-8 actually) to copy filtered resources, i.e. build is platform dependent!
2021-12-01 12:57:26,347 [Worker-13: Building] INFO  o.e.m.c.i.embedder.EclipseLogger - Copying 1 resource
2021-12-01 12:57:26,353 [Worker-13: Building] WARN  o.e.m.c.i.embedder.EclipseLogger - Using platform encoding (UTF-8 actually) to copy filtered resources, i.e. build is platform dependent!
2021-12-01 12:57:26,354 [Worker-13: Building] INFO  o.e.m.c.i.embedder.EclipseLogger - Copying 0 resource
2021-12-01 12:58:43,092 [Worker-3: Loading available Gradle versions] INFO  o.e.b.c.i.u.g.PublishedGradleVersions - Gradle version information cache is up-to-date. Trying to read.
2021-12-01 13:14:58,117 [Worker-4: Launching Application] WARN  o.e.m.c.i.embedder.EclipseLogger - Using platform encoding (UTF-8 actually) to copy filtered resources, i.e. build is platform dependent!
2021-12-01 13:14:58,164 [Worker-4: Launching Application] INFO  o.e.m.c.i.embedder.EclipseLogger - Copying 2 resources
2021-12-01 13:14:58,167 [Worker-4: Launching Application] WARN  o.e.m.c.i.embedder.EclipseLogger - Using platform encoding (UTF-8 actually) to copy filtered resources, i.e. build is platform dependent!
2021-12-01 13:14:58,169 [Worker-4: Launching Application] INFO  o.e.m.c.i.embedder.EclipseLogger - Copying 0 resource
2021-12-01 13:29:05,061 [Worker-7: Launching Application] WARN  o.e.m.c.i.embedder.EclipseLogger - Using platform encoding (UTF-8 actually) to copy filtered resources, i.e. build is platform dependent!
2021-12-01 13:29:05,067 [Worker-7: Launching Application] INFO  o.e.m.c.i.embedder.EclipseLogger - Copying 2 resources
2021-12-01 13:29:05,072 [Worker-7: Launching Application] WARN  o.e.m.c.i.embedder.EclipseLogger - Using platform encoding (UTF-8 actually) to copy filtered resources, i.e. build is platform dependent!
2021-12-01 13:29:05,076 [Worker-7: Launching Application] INFO  o.e.m.c.i.embedder.EclipseLogger - Copying 0 resource
2021-12-01 13:43:06,385 [Worker-18: Building] WARN  o.e.m.c.i.embedder.EclipseLogger - Using platform encoding (UTF-8 actually) to copy filtered resources, i.e. build is platform dependent!
2021-12-01 13:43:06,393 [Worker-18: Building] INFO  o.e.m.c.i.embedder.EclipseLogger - Copying 2 resources
2021-12-01 13:43:06,396 [Worker-18: Building] WARN  o.e.m.c.i.embedder.EclipseLogger - Using platform encoding (UTF-8 actually) to copy filtered resources, i.e. build is platform dependent!
2021-12-01 13:43:06,397 [Worker-18: Building] INFO  o.e.m.c.i.embedder.EclipseLogger - Copying 0 resource
2021-12-01 13:43:32,986 [Worker-16: Launching Application] WARN  o.e.m.c.i.embedder.EclipseLogger - Using platform encoding (UTF-8 actually) to copy filtered resources, i.e. build is platform dependent!
2021-12-01 13:43:32,989 [Worker-16: Launching Application] INFO  o.e.m.c.i.embedder.EclipseLogger - Copying 2 resources
2021-12-01 13:43:32,990 [Worker-16: Launching Application] WARN  o.e.m.c.i.embedder.EclipseLogger - Using platform encoding (UTF-8 actually) to copy filtered resources, i.e. build is platform dependent!
2021-12-01 13:43:32,992 [Worker-16: Launching Application] INFO  o.e.m.c.i.embedder.EclipseLogger - Copying 0 resource
2021-12-01 13:55:11,272 [Worker-20: Building] WARN  o.e.m.c.i.embedder.EclipseLogger - Using platform encoding (UTF-8 actually) to copy filtered resources, i.e. build is platform dependent!
2021-12-01 13:55:11,276 [Worker-20: Building] INFO  o.e.m.c.i.embedder.EclipseLogger - Copying 0 resource
2021-12-01 13:55:11,281 [Worker-20: Building] WARN  o.e.m.c.i.embedder.EclipseLogger - Using platform encoding (UTF-8 actually) to copy filtered resources, i.e. build is platform dependent!
2021-12-01 13:55:11,282 [Worker-20: Building] INFO  o.e.m.c.i.embedder.EclipseLogger - Copying 0 resource
2021-12-01 13:55:38,252 [Worker-31: Building] WARN  o.e.m.c.i.embedder.EclipseLogger - Using platform encoding (UTF-8 actually) to copy filtered resources, i.e. build is platform dependent!
2021-12-01 13:55:38,258 [Worker-31: Building] INFO  o.e.m.c.i.embedder.EclipseLogger - Copying 2 resources
2021-12-01 13:55:38,260 [Worker-31: Building] WARN  o.e.m.c.i.embedder.EclipseLogger - Using platform encoding (UTF-8 actually) to copy filtered resources, i.e. build is platform dependent!
2021-12-01 13:55:38,261 [Worker-31: Building] INFO  o.e.m.c.i.embedder.EclipseLogger - Copying 0 resource
2021-12-01 15:26:57,272 [Worker-47: Building] WARN  o.e.m.c.i.embedder.EclipseLogger - Using platform encoding (UTF-8 actually) to copy filtered resources, i.e. build is platform dependent!
2021-12-01 15:26:57,305 [Worker-47: Building] INFO  o.e.m.c.i.embedder.EclipseLogger - Copying 2 resources
2021-12-01 15:26:57,309 [Worker-47: Building] WARN  o.e.m.c.i.embedder.EclipseLogger - Using platform encoding (UTF-8 actually) to copy filtered resources, i.e. build is platform dependent!
2021-12-01 15:26:57,310 [Worker-47: Building] INFO  o.e.m.c.i.embedder.EclipseLogger - Copying 0 resource
2021-12-01 15:46:02,638 [Worker-77: Building] WARN  o.e.m.c.i.embedder.EclipseLogger - Using platform encoding (UTF-8 actually) to copy filtered resources, i.e. build is platform dependent!
2021-12-01 15:46:02,718 [Worker-77: Building] INFO  o.e.m.c.i.embedder.EclipseLogger - Copying 2 resources
2021-12-01 15:46:02,723 [Worker-77: Building] WARN  o.e.m.c.i.embedder.EclipseLogger - Using platform encoding (UTF-8 actually) to copy filtered resources, i.e. build is platform dependent!
2021-12-01 15:46:02,724 [Worker-77: Building] INFO  o.e.m.c.i.embedder.EclipseLogger - Copying 0 resource
2021-12-01 16:21:55,081 [Worker-99: Building] WARN  o.e.m.c.i.embedder.EclipseLogger - Using platform encoding (UTF-8 actually) to copy filtered resources, i.e. build is platform dependent!
2021-12-01 16:21:55,089 [Worker-99: Building] INFO  o.e.m.c.i.embedder.EclipseLogger - Copying 2 resources
2021-12-01 16:21:55,129 [Worker-99: Building] WARN  o.e.m.c.i.embedder.EclipseLogger - Using platform encoding (UTF-8 actually) to copy filtered resources, i.e. build is platform dependent!
2021-12-01 16:21:55,130 [Worker-99: Building] INFO  o.e.m.c.i.embedder.EclipseLogger - Copying 0 resource
2021-12-01 16:42:47,437 [Worker-3: Loading available Gradle versions] INFO  o.e.b.c.i.u.g.PublishedGradleVersions - Gradle version information cache is up-to-date. Trying to read.
2021-12-01 16:42:57,072 [Worker-14: Launching Application] WARN  o.e.m.c.i.embedder.EclipseLogger - Using platform encoding (UTF-8 actually) to copy filtered resources, i.e. build is platform dependent!
2021-12-01 16:42:57,100 [Worker-14: Launching Application] INFO  o.e.m.c.i.embedder.EclipseLogger - Copying 2 resources
2021-12-01 16:42:57,114 [Worker-14: Launching Application] WARN  o.e.m.c.i.embedder.EclipseLogger - Using platform encoding (UTF-8 actually) to copy filtered resources, i.e. build is platform dependent!
2021-12-01 16:42:57,117 [Worker-14: Launching Application] INFO  o.e.m.c.i.embedder.EclipseLogger - Copying 0 resource
2021-12-01 21:13:15,449 [Worker-23: Building] WARN  o.e.m.c.i.embedder.EclipseLogger - Using platform encoding (UTF-8 actually) to copy filtered resources, i.e. build is platform dependent!
2021-12-01 21:13:15,492 [Worker-23: Building] INFO  o.e.m.c.i.embedder.EclipseLogger - Copying 0 resource
2021-12-01 21:13:15,495 [Worker-23: Building] WARN  o.e.m.c.i.embedder.EclipseLogger - Using platform encoding (UTF-8 actually) to copy filtered resources, i.e. build is platform dependent!
2021-12-01 21:13:15,496 [Worker-23: Building] INFO  o.e.m.c.i.embedder.EclipseLogger - Copying 0 resource
2021-12-01 21:15:12,303 [Worker-24: Building] WARN  o.e.m.c.i.embedder.EclipseLogger - Using platform encoding (UTF-8 actually) to copy filtered resources, i.e. build is platform dependent!
2021-12-01 21:15:12,318 [Worker-24: Building] INFO  o.e.m.c.i.embedder.EclipseLogger - Copying 2 resources
2021-12-01 21:15:12,324 [Worker-24: Building] WARN  o.e.m.c.i.embedder.EclipseLogger - Using platform encoding (UTF-8 actually) to copy filtered resources, i.e. build is platform dependent!
2021-12-01 21:15:12,325 [Worker-24: Building] INFO  o.e.m.c.i.embedder.EclipseLogger - Copying 0 resource
2021-12-01 22:06:22,515 [Worker-48: Building] WARN  o.e.m.c.i.embedder.EclipseLogger - Using platform encoding (UTF-8 actually) to copy filtered resources, i.e. build is platform dependent!
2021-12-01 22:06:22,529 [Worker-48: Building] INFO  o.e.m.c.i.embedder.EclipseLogger - Copying 2 resources
2021-12-01 22:06:22,534 [Worker-48: Building] WARN  o.e.m.c.i.embedder.EclipseLogger - Using platform encoding (UTF-8 actually) to copy filtered resources, i.e. build is platform dependent!
2021-12-01 22:06:22,536 [Worker-48: Building] INFO  o.e.m.c.i.embedder.EclipseLogger - Copying 0 resource
2021-12-01 22:14:23,560 [Worker-50: Building] WARN  o.e.m.c.i.embedder.EclipseLogger - Using platform encoding (UTF-8 actually) to copy filtered resources, i.e. build is platform dependent!
2021-12-01 22:14:23,577 [Worker-50: Building] INFO  o.e.m.c.i.embedder.EclipseLogger - Copying 2 resources
2021-12-01 22:14:23,579 [Worker-50: Building] WARN  o.e.m.c.i.embedder.EclipseLogger - Using platform encoding (UTF-8 actually) to copy filtered resources, i.e. build is platform dependent!
2021-12-01 22:14:23,580 [Worker-50: Building] INFO  o.e.m.c.i.embedder.EclipseLogger - Copying 0 resource
2021-12-01 22:21:59,577 [Worker-47: Building] WARN  o.e.m.c.i.embedder.EclipseLogger - Using platform encoding (UTF-8 actually) to copy filtered resources, i.e. build is platform dependent!
2021-12-01 22:21:59,597 [Worker-47: Building] INFO  o.e.m.c.i.embedder.EclipseLogger - Copying 2 resources
2021-12-01 22:21:59,609 [Worker-47: Building] WARN  o.e.m.c.i.embedder.EclipseLogger - Using platform encoding (UTF-8 actually) to copy filtered resources, i.e. build is platform dependent!
2021-12-01 22:21:59,610 [Worker-47: Building] INFO  o.e.m.c.i.embedder.EclipseLogger - Copying 0 resource
2021-12-01 22:30:03,498 [Worker-53: Building] WARN  o.e.m.c.i.embedder.EclipseLogger - Using platform encoding (UTF-8 actually) to copy filtered resources, i.e. build is platform dependent!
2021-12-01 22:30:03,620 [Worker-53: Building] INFO  o.e.m.c.i.embedder.EclipseLogger - Copying 2 resources
2021-12-01 22:30:03,624 [Worker-53: Building] WARN  o.e.m.c.i.embedder.EclipseLogger - Using platform encoding (UTF-8 actually) to copy filtered resources, i.e. build is platform dependent!
2021-12-01 22:30:03,627 [Worker-53: Building] INFO  o.e.m.c.i.embedder.EclipseLogger - Copying 0 resource
2021-12-01 22:30:15,453 [Worker-55: Building] WARN  o.e.m.c.i.embedder.EclipseLogger - Using platform encoding (UTF-8 actually) to copy filtered resources, i.e. build is platform dependent!
2021-12-01 22:30:15,456 [Worker-55: Building] INFO  o.e.m.c.i.embedder.EclipseLogger - Copying 2 resources
2021-12-01 22:30:15,461 [Worker-55: Building] WARN  o.e.m.c.i.embedder.EclipseLogger - Using platform encoding (UTF-8 actually) to copy filtered resources, i.e. build is platform dependent!
2021-12-01 22:30:15,462 [Worker-55: Building] INFO  o.e.m.c.i.embedder.EclipseLogger - Copying 0 resource
2021-12-01 22:42:11,044 [Worker-64: Building] WARN  o.e.m.c.i.embedder.EclipseLogger - Using platform encoding (UTF-8 actually) to copy filtered resources, i.e. build is platform dependent!
2021-12-01 22:42:11,059 [Worker-64: Building] INFO  o.e.m.c.i.embedder.EclipseLogger - Copying 2 resources
2021-12-01 22:42:11,062 [Worker-64: Building] WARN  o.e.m.c.i.embedder.EclipseLogger - Using platform encoding (UTF-8 actually) to copy filtered resources, i.e. build is platform dependent!
2021-12-01 22:42:11,063 [Worker-64: Building] INFO  o.e.m.c.i.embedder.EclipseLogger - Copying 0 resource
2021-12-01 22:54:59,631 [Worker-74: Building] WARN  o.e.m.c.i.embedder.EclipseLogger - Using platform encoding (UTF-8 actually) to copy filtered resources, i.e. build is platform dependent!
2021-12-01 22:54:59,648 [Worker-74: Building] INFO  o.e.m.c.i.embedder.EclipseLogger - Copying 2 resources
2021-12-01 22:54:59,652 [Worker-74: Building] WARN  o.e.m.c.i.embedder.EclipseLogger - Using platform encoding (UTF-8 actually) to copy filtered resources, i.e. build is platform dependent!
2021-12-01 22:54:59,653 [Worker-74: Building] INFO  o.e.m.c.i.embedder.EclipseLogger - Copying 0 resource
2021-12-01 22:55:41,735 [Worker-74: Building] WARN  o.e.m.c.i.embedder.EclipseLogger - Using platform encoding (UTF-8 actually) to copy filtered resources, i.e. build is platform dependent!
2021-12-01 22:55:41,742 [Worker-74: Building] INFO  o.e.m.c.i.embedder.EclipseLogger - Copying 2 resources
2021-12-01 22:55:41,748 [Worker-74: Building] WARN  o.e.m.c.i.embedder.EclipseLogger - Using platform encoding (UTF-8 actually) to copy filtered resources, i.e. build is platform dependent!
2021-12-01 22:55:41,751 [Worker-74: Building] INFO  o.e.m.c.i.embedder.EclipseLogger - Copying 0 resource
2021-12-01 23:17:29,645 [Worker-92: Building] WARN  o.e.m.c.i.embedder.EclipseLogger - Using platform encoding (UTF-8 actually) to copy filtered resources, i.e. build is platform dependent!
2021-12-01 23:17:29,661 [Worker-92: Building] INFO  o.e.m.c.i.embedder.EclipseLogger - Copying 2 resources
2021-12-01 23:17:29,662 [Worker-92: Building] WARN  o.e.m.c.i.embedder.EclipseLogger - Using platform encoding (UTF-8 actually) to copy filtered resources, i.e. build is platform dependent!
2021-12-01 23:17:29,663 [Worker-92: Building] INFO  o.e.m.c.i.embedder.EclipseLogger - Copying 0 resource
2021-12-01 23:29:44,449 [Worker-95: Building] WARN  o.e.m.c.i.embedder.EclipseLogger - Using platform encoding (UTF-8 actually) to copy filtered resources, i.e. build is platform dependent!
2021-12-01 23:29:44,461 [Worker-95: Building] INFO  o.e.m.c.i.embedder.EclipseLogger - Copying 2 resources
2021-12-01 23:29:44,467 [Worker-95: Building] WARN  o.e.m.c.i.embedder.EclipseLogger - Using platform encoding (UTF-8 actually) to copy filtered resources, i.e. build is platform dependent!
2021-12-01 23:29:44,468 [Worker-95: Building] INFO  o.e.m.c.i.embedder.EclipseLogger - Copying 0 resource
2021-12-02 09:46:49,750 [Worker-101: Building] WARN  o.e.m.c.i.embedder.EclipseLogger - Using platform encoding (UTF-8 actually) to copy filtered resources, i.e. build is platform dependent!
2021-12-02 09:46:49,770 [Worker-101: Building] INFO  o.e.m.c.i.embedder.EclipseLogger - Copying 2 resources
2021-12-02 09:46:49,774 [Worker-101: Building] WARN  o.e.m.c.i.embedder.EclipseLogger - Using platform encoding (UTF-8 actually) to copy filtered resources, i.e. build is platform dependent!
2021-12-02 09:46:49,775 [Worker-101: Building] INFO  o.e.m.c.i.embedder.EclipseLogger - Copying 0 resource
2021-12-02 09:50:21,188 [Worker-104: Building] WARN  o.e.m.c.i.embedder.EclipseLogger - Using platform encoding (UTF-8 actually) to copy filtered resources, i.e. build is platform dependent!
2021-12-02 09:50:21,202 [Worker-104: Building] INFO  o.e.m.c.i.embedder.EclipseLogger - Copying 2 resources
2021-12-02 09:50:21,204 [Worker-104: Building] WARN  o.e.m.c.i.embedder.EclipseLogger - Using platform encoding (UTF-8 actually) to copy filtered resources, i.e. build is platform dependent!
2021-12-02 09:50:21,205 [Worker-104: Building] INFO  o.e.m.c.i.embedder.EclipseLogger - Copying 0 resource
2021-12-02 09:52:30,029 [Worker-105: Building] WARN  o.e.m.c.i.embedder.EclipseLogger - Using platform encoding (UTF-8 actually) to copy filtered resources, i.e. build is platform dependent!
2021-12-02 09:52:30,056 [Worker-105: Building] INFO  o.e.m.c.i.embedder.EclipseLogger - Copying 2 resources
2021-12-02 09:52:30,066 [Worker-105: Building] WARN  o.e.m.c.i.embedder.EclipseLogger - Using platform encoding (UTF-8 actually) to copy filtered resources, i.e. build is platform dependent!
2021-12-02 09:52:30,069 [Worker-105: Building] INFO  o.e.m.c.i.embedder.EclipseLogger - Copying 0 resource
2021-12-02 09:57:41,228 [Worker-3: Loading available Gradle versions] INFO  o.e.b.c.i.u.g.PublishedGradleVersions - Gradle version information cache is up-to-date. Trying to read.
2021-12-02 10:04:46,684 [Worker-4: Loading available Gradle versions] INFO  o.e.b.c.i.u.g.PublishedGradleVersions - Gradle version information cache is up-to-date. Trying to read.
2021-12-02 10:07:38,351 [Worker-0: Loading available Gradle versions] INFO  o.e.b.c.i.u.g.PublishedGradleVersions - Gradle version information cache is up-to-date. Trying to read.
2021-12-02 12:19:01,580 [Worker-25: Building] WARN  o.e.m.c.i.embedder.EclipseLogger - Using platform encoding (UTF-8 actually) to copy filtered resources, i.e. build is platform dependent!
2021-12-02 12:19:01,641 [Worker-25: Building] INFO  o.e.m.c.i.embedder.EclipseLogger - Copying 2 resources
2021-12-02 12:19:01,676 [Worker-25: Building] WARN  o.e.m.c.i.embedder.EclipseLogger - Using platform encoding (UTF-8 actually) to copy filtered resources, i.e. build is platform dependent!
2021-12-02 12:19:01,681 [Worker-25: Building] INFO  o.e.m.c.i.embedder.EclipseLogger - Copying 0 resource
2021-12-02 12:32:50,012 [Worker-32: Building] WARN  o.e.m.c.i.embedder.EclipseLogger - Using platform encoding (UTF-8 actually) to copy filtered resources, i.e. build is platform dependent!
2021-12-02 12:32:50,081 [Worker-32: Building] INFO  o.e.m.c.i.embedder.EclipseLogger - Copying 2 resources
2021-12-02 12:32:50,091 [Worker-32: Building] WARN  o.e.m.c.i.embedder.EclipseLogger - Using platform encoding (UTF-8 actually) to copy filtered resources, i.e. build is platform dependent!
2021-12-02 12:32:50,093 [Worker-32: Building] INFO  o.e.m.c.i.embedder.EclipseLogger - Copying 0 resource
2021-12-02 12:34:32,616 [Worker-2: Loading available Gradle versions] INFO  o.e.b.c.i.u.g.PublishedGradleVersions - Gradle version information cache is up-to-date. Trying to read.
2021-12-02 12:34:42,252 [Worker-2: Building] WARN  o.e.m.c.i.embedder.EclipseLogger - Using platform encoding (UTF-8 actually) to copy filtered resources, i.e. build is platform dependent!
2021-12-02 12:34:42,276 [Worker-2: Building] INFO  o.e.m.c.i.embedder.EclipseLogger - Copying 0 resource
2021-12-02 12:34:42,280 [Worker-2: Building] WARN  o.e.m.c.i.embedder.EclipseLogger - Using platform encoding (UTF-8 actually) to copy filtered resources, i.e. build is platform dependent!
2021-12-02 12:34:42,283 [Worker-2: Building] INFO  o.e.m.c.i.embedder.EclipseLogger - Copying 0 resource
2021-12-02 12:34:45,190 [Worker-2: Building] WARN  o.e.m.c.i.embedder.EclipseLogger - Using platform encoding (UTF-8 actually) to copy filtered resources, i.e. build is platform dependent!
2021-12-02 12:34:45,198 [Worker-2: Building] INFO  o.e.m.c.i.embedder.EclipseLogger - Copying 2 resources
2021-12-02 12:34:45,255 [Worker-2: Building] WARN  o.e.m.c.i.embedder.EclipseLogger - Using platform encoding (UTF-8 actually) to copy filtered resources, i.e. build is platform dependent!
2021-12-02 12:34:45,258 [Worker-2: Building] INFO  o.e.m.c.i.embedder.EclipseLogger - Copying 0 resource
2021-12-02 12:34:45,829 [Worker-2: Building] WARN  o.e.m.c.i.embedder.EclipseLogger - Using platform encoding (UTF-8 actually) to copy filtered resources, i.e. build is platform dependent!
2021-12-02 12:34:45,831 [Worker-2: Building] INFO  o.e.m.c.i.embedder.EclipseLogger - Copying 1 resource
2021-12-02 12:34:45,833 [Worker-2: Building] WARN  o.e.m.c.i.embedder.EclipseLogger - Using platform encoding (UTF-8 actually) to copy filtered resources, i.e. build is platform dependent!
2021-12-02 12:34:45,835 [Worker-2: Building] INFO  o.e.m.c.i.embedder.EclipseLogger - Copying 0 resource
